2023-04-07 22:14:22,536 INFO    StreamThr :28033 [internal.py:wandb_internal():88] W&B internal server running at pid: 28033, started at: 2023-04-07 22:14:22.534703
2023-04-07 22:14:22,537 DEBUG   HandlerThread:28033 [handler.py:handle_request():139] handle_request: status
2023-04-07 22:14:22,538 DEBUG   SenderThread:28033 [sender.py:send_request():317] send_request: status
2023-04-07 22:14:22,539 DEBUG   SenderThread:28033 [sender.py:send():303] send: header
2023-04-07 22:14:22,539 INFO    WriterThread:28033 [datastore.py:open_for_write():75] open: ./runs/wandb/run-20230407_221422-qc1v3me7/run-qc1v3me7.wandb
2023-04-07 22:14:22,549 DEBUG   SenderThread:28033 [sender.py:send():303] send: run
2023-04-07 22:14:22,552 INFO    SenderThread:28033 [sender.py:_maybe_setup_resume():593] checking resume status for None/segmentation/qc1v3me7
2023-04-07 22:14:27,552 DEBUG   HandlerThread:28033 [handler.py:handle_request():139] handle_request: keepalive
2023-04-07 22:14:32,556 DEBUG   HandlerThread:28033 [handler.py:handle_request():139] handle_request: keepalive
2023-04-07 22:14:37,559 DEBUG   HandlerThread:28033 [handler.py:handle_request():139] handle_request: keepalive
2023-04-07 22:14:42,562 DEBUG   HandlerThread:28033 [handler.py:handle_request():139] handle_request: keepalive
2023-04-07 22:14:47,568 DEBUG   HandlerThread:28033 [handler.py:handle_request():139] handle_request: keepalive
2023-04-07 22:14:52,575 DEBUG   HandlerThread:28033 [handler.py:handle_request():139] handle_request: keepalive
2023-04-07 22:14:57,580 DEBUG   HandlerThread:28033 [handler.py:handle_request():139] handle_request: keepalive
2023-04-07 22:15:01,132 ERROR   SenderThread:28033 [retry.py:__call__():154] Retry attempt failed:
Traceback (most recent call last):
  File "/home/yx/miniconda3/envs/mat/lib/python3.9/site-packages/urllib3/connectionpool.py", line 386, in _make_request
    self._validate_conn(conn)
  File "/home/yx/miniconda3/envs/mat/lib/python3.9/site-packages/urllib3/connectionpool.py", line 1042, in _validate_conn
    conn.connect()
  File "/home/yx/miniconda3/envs/mat/lib/python3.9/site-packages/urllib3/connection.py", line 414, in connect
    self.sock = ssl_wrap_socket(
  File "/home/yx/miniconda3/envs/mat/lib/python3.9/site-packages/urllib3/util/ssl_.py", line 449, in ssl_wrap_socket
    ssl_sock = _ssl_wrap_socket_impl(
  File "/home/yx/miniconda3/envs/mat/lib/python3.9/site-packages/urllib3/util/ssl_.py", line 493, in _ssl_wrap_socket_impl
    return ssl_context.wrap_socket(sock, server_hostname=server_hostname)
  File "/home/yx/miniconda3/envs/mat/lib/python3.9/ssl.py", line 501, in wrap_socket
    return self.sslsocket_class._create(
  File "/home/yx/miniconda3/envs/mat/lib/python3.9/ssl.py", line 1041, in _create
    self.do_handshake()
  File "/home/yx/miniconda3/envs/mat/lib/python3.9/ssl.py", line 1310, in do_handshake
    self._sslobj.do_handshake()
socket.timeout: _ssl.c:1112: The handshake operation timed out

During handling of the above exception, another exception occurred:

Traceback (most recent call last):
  File "/home/yx/miniconda3/envs/mat/lib/python3.9/site-packages/requests/adapters.py", line 439, in send
    resp = conn.urlopen(
  File "/home/yx/miniconda3/envs/mat/lib/python3.9/site-packages/urllib3/connectionpool.py", line 787, in urlopen
    retries = retries.increment(
  File "/home/yx/miniconda3/envs/mat/lib/python3.9/site-packages/urllib3/util/retry.py", line 550, in increment
    raise six.reraise(type(error), error, _stacktrace)
  File "/home/yx/miniconda3/envs/mat/lib/python3.9/site-packages/urllib3/packages/six.py", line 770, in reraise
    raise value
  File "/home/yx/miniconda3/envs/mat/lib/python3.9/site-packages/urllib3/connectionpool.py", line 703, in urlopen
    httplib_response = self._make_request(
  File "/home/yx/miniconda3/envs/mat/lib/python3.9/site-packages/urllib3/connectionpool.py", line 389, in _make_request
    self._raise_timeout(err=e, url=url, timeout_value=conn.timeout)
  File "/home/yx/miniconda3/envs/mat/lib/python3.9/site-packages/urllib3/connectionpool.py", line 340, in _raise_timeout
    raise ReadTimeoutError(
urllib3.exceptions.ReadTimeoutError: HTTPSConnectionPool(host='api.wandb.ai', port=443): Read timed out. (read timeout=10)

During handling of the above exception, another exception occurred:

Traceback (most recent call last):
  File "/home/yx/miniconda3/envs/mat/lib/python3.9/site-packages/wandb/sdk/lib/retry.py", line 113, in __call__
    result = self._call_fn(*args, **kwargs)
  File "/home/yx/miniconda3/envs/mat/lib/python3.9/site-packages/wandb/sdk/internal/internal_api.py", line 210, in execute
    return self.client.execute(*args, **kwargs)  # type: ignore
  File "/home/yx/miniconda3/envs/mat/lib/python3.9/site-packages/wandb/vendor/gql-0.2.0/wandb_gql/client.py", line 52, in execute
    result = self._get_result(document, *args, **kwargs)
  File "/home/yx/miniconda3/envs/mat/lib/python3.9/site-packages/wandb/vendor/gql-0.2.0/wandb_gql/client.py", line 60, in _get_result
    return self.transport.execute(document, *args, **kwargs)
  File "/home/yx/miniconda3/envs/mat/lib/python3.9/site-packages/wandb/vendor/gql-0.2.0/wandb_gql/transport/requests.py", line 38, in execute
    request = requests.post(self.url, **post_args)
  File "/home/yx/miniconda3/envs/mat/lib/python3.9/site-packages/requests/api.py", line 119, in post
    return request('post', url, data=data, json=json, **kwargs)
  File "/home/yx/miniconda3/envs/mat/lib/python3.9/site-packages/requests/api.py", line 61, in request
    return session.request(method=method, url=url, **kwargs)
  File "/home/yx/miniconda3/envs/mat/lib/python3.9/site-packages/requests/sessions.py", line 542, in request
    resp = self.send(prep, **send_kwargs)
  File "/home/yx/miniconda3/envs/mat/lib/python3.9/site-packages/requests/sessions.py", line 655, in send
    r = adapter.send(request, **kwargs)
  File "/home/yx/miniconda3/envs/mat/lib/python3.9/site-packages/requests/adapters.py", line 529, in send
    raise ReadTimeout(e, request=request)
requests.exceptions.ReadTimeout: HTTPSConnectionPool(host='api.wandb.ai', port=443): Read timed out. (read timeout=10)
2023-04-07 22:15:02,595 DEBUG   HandlerThread:28033 [handler.py:handle_request():139] handle_request: keepalive
2023-04-07 22:15:07,607 DEBUG   HandlerThread:28033 [handler.py:handle_request():139] handle_request: keepalive
2023-04-07 22:15:12,612 DEBUG   HandlerThread:28033 [handler.py:handle_request():139] handle_request: keepalive
2023-04-07 22:15:17,620 DEBUG   HandlerThread:28033 [handler.py:handle_request():139] handle_request: keepalive
2023-04-07 22:15:23,653 DEBUG   HandlerThread:28033 [handler.py:handle_request():139] handle_request: poll_exit
2023-04-07 22:15:28,655 DEBUG   HandlerThread:28033 [handler.py:handle_request():139] handle_request: keepalive
2023-04-07 22:15:30,748 INFO    SenderThread:28033 [dir_watcher.py:__init__():216] watching files in: ./runs/wandb/run-20230407_221422-qc1v3me7/files
2023-04-07 22:15:30,748 INFO    SenderThread:28033 [sender.py:_start_run_threads():928] run started: qc1v3me7 with start time 1680876862.5361
2023-04-07 22:15:30,748 DEBUG   SenderThread:28033 [sender.py:send():303] send: exit
2023-04-07 22:15:30,748 INFO    SenderThread:28033 [sender.py:send_exit():442] handling exit code: 1
2023-04-07 22:15:30,749 INFO    SenderThread:28033 [sender.py:send_exit():444] handling runtime: 0
2023-04-07 22:15:30,757 INFO    SenderThread:28033 [sender.py:_save_file():1171] saving file wandb-summary.json with policy end
2023-04-07 22:15:30,764 INFO    SenderThread:28033 [sender.py:send_exit():450] send defer
2023-04-07 22:15:30,764 DEBUG   SenderThread:28033 [sender.py:send_request():317] send_request: poll_exit
2023-04-07 22:15:30,765 DEBUG   HandlerThread:28033 [handler.py:handle_request():139] handle_request: defer
2023-04-07 22:15:30,769 INFO    HandlerThread:28033 [handler.py:handle_request_defer():162] handle defer: 0
2023-04-07 22:15:30,769 DEBUG   SenderThread:28033 [sender.py:send_request():317] send_request: defer
2023-04-07 22:15:30,769 INFO    SenderThread:28033 [sender.py:send_request_defer():459] handle sender defer: 0
2023-04-07 22:15:30,769 INFO    SenderThread:28033 [sender.py:transition_state():463] send defer: 1
2023-04-07 22:15:30,770 DEBUG   HandlerThread:28033 [handler.py:handle_request():139] handle_request: defer
2023-04-07 22:15:30,770 INFO    HandlerThread:28033 [handler.py:handle_request_defer():162] handle defer: 1
2023-04-07 22:15:30,770 DEBUG   SenderThread:28033 [sender.py:send_request():317] send_request: defer
2023-04-07 22:15:30,770 INFO    SenderThread:28033 [sender.py:send_request_defer():459] handle sender defer: 1
2023-04-07 22:15:30,770 INFO    SenderThread:28033 [sender.py:transition_state():463] send defer: 2
2023-04-07 22:15:30,771 DEBUG   HandlerThread:28033 [handler.py:handle_request():139] handle_request: defer
2023-04-07 22:15:30,771 INFO    HandlerThread:28033 [handler.py:handle_request_defer():162] handle defer: 2
2023-04-07 22:15:30,771 DEBUG   SenderThread:28033 [sender.py:send_request():317] send_request: defer
2023-04-07 22:15:30,771 INFO    SenderThread:28033 [sender.py:send_request_defer():459] handle sender defer: 2
2023-04-07 22:15:30,771 INFO    SenderThread:28033 [sender.py:transition_state():463] send defer: 3
2023-04-07 22:15:30,771 DEBUG   HandlerThread:28033 [handler.py:handle_request():139] handle_request: defer
2023-04-07 22:15:30,772 INFO    HandlerThread:28033 [handler.py:handle_request_defer():162] handle defer: 3
2023-04-07 22:15:30,772 DEBUG   SenderThread:28033 [sender.py:send_request():317] send_request: defer
2023-04-07 22:15:30,772 INFO    SenderThread:28033 [sender.py:send_request_defer():459] handle sender defer: 3
2023-04-07 22:15:30,772 INFO    SenderThread:28033 [sender.py:transition_state():463] send defer: 4
2023-04-07 22:15:30,772 DEBUG   HandlerThread:28033 [handler.py:handle_request():139] handle_request: defer
2023-04-07 22:15:30,772 INFO    HandlerThread:28033 [handler.py:handle_request_defer():162] handle defer: 4
2023-04-07 22:15:30,772 DEBUG   SenderThread:28033 [sender.py:send():303] send: summary
2023-04-07 22:15:30,774 INFO    SenderThread:28033 [sender.py:_save_file():1171] saving file wandb-summary.json with policy end
2023-04-07 22:15:30,775 DEBUG   SenderThread:28033 [sender.py:send_request():317] send_request: defer
2023-04-07 22:15:30,775 INFO    SenderThread:28033 [sender.py:send_request_defer():459] handle sender defer: 4
2023-04-07 22:15:30,775 INFO    SenderThread:28033 [sender.py:transition_state():463] send defer: 5
2023-04-07 22:15:30,776 DEBUG   HandlerThread:28033 [handler.py:handle_request():139] handle_request: defer
2023-04-07 22:15:30,776 INFO    HandlerThread:28033 [handler.py:handle_request_defer():162] handle defer: 5
2023-04-07 22:15:30,776 DEBUG   SenderThread:28033 [sender.py:send_request():317] send_request: defer
2023-04-07 22:15:30,776 INFO    SenderThread:28033 [sender.py:send_request_defer():459] handle sender defer: 5
2023-04-07 22:15:30,776 INFO    SenderThread:28033 [sender.py:transition_state():463] send defer: 6
2023-04-07 22:15:30,777 DEBUG   HandlerThread:28033 [handler.py:handle_request():139] handle_request: defer
2023-04-07 22:15:30,777 INFO    HandlerThread:28033 [handler.py:handle_request_defer():162] handle defer: 6
2023-04-07 22:15:30,777 DEBUG   SenderThread:28033 [sender.py:send_request():317] send_request: defer
2023-04-07 22:15:30,777 INFO    SenderThread:28033 [sender.py:send_request_defer():459] handle sender defer: 6
2023-04-07 22:15:30,777 INFO    SenderThread:28033 [sender.py:transition_state():463] send defer: 7
2023-04-07 22:15:30,777 DEBUG   HandlerThread:28033 [handler.py:handle_request():139] handle_request: defer
2023-04-07 22:15:30,778 INFO    HandlerThread:28033 [handler.py:handle_request_defer():162] handle defer: 7
2023-04-07 22:15:30,778 DEBUG   SenderThread:28033 [sender.py:send_request():317] send_request: defer
2023-04-07 22:15:30,778 INFO    SenderThread:28033 [sender.py:send_request_defer():459] handle sender defer: 7
2023-04-07 22:15:30,778 INFO    SenderThread:28033 [dir_watcher.py:finish():362] shutting down directory watcher
2023-04-07 22:15:31,756 INFO    SenderThread:28033 [dir_watcher.py:_on_file_created():275] file/dir created: ./runs/wandb/run-20230407_221422-qc1v3me7/files/wandb-summary.json
2023-04-07 22:15:31,757 INFO    SenderThread:28033 [dir_watcher.py:finish():392] scan: ./runs/wandb/run-20230407_221422-qc1v3me7/files
2023-04-07 22:15:31,758 INFO    SenderThread:28033 [dir_watcher.py:finish():406] scan save: ./runs/wandb/run-20230407_221422-qc1v3me7/files/config.yaml config.yaml
2023-04-07 22:15:31,761 INFO    SenderThread:28033 [dir_watcher.py:finish():406] scan save: ./runs/wandb/run-20230407_221422-qc1v3me7/files/wandb-summary.json wandb-summary.json
2023-04-07 22:15:31,767 INFO    SenderThread:28033 [sender.py:transition_state():463] send defer: 8
2023-04-07 22:15:31,767 DEBUG   HandlerThread:28033 [handler.py:handle_request():139] handle_request: defer
2023-04-07 22:15:31,768 INFO    HandlerThread:28033 [handler.py:handle_request_defer():162] handle defer: 8
2023-04-07 22:15:31,769 DEBUG   SenderThread:28033 [sender.py:send_request():317] send_request: defer
2023-04-07 22:15:31,770 INFO    SenderThread:28033 [sender.py:send_request_defer():459] handle sender defer: 8
2023-04-07 22:15:31,772 INFO    SenderThread:28033 [file_pusher.py:finish():168] shutting down file pusher
2023-04-07 22:15:33,656 DEBUG   HandlerThread:28033 [handler.py:handle_request():139] handle_request: keepalive
2023-04-07 22:15:33,831 INFO    Thread-16 :28033 [upload_job.py:push():143] Uploaded file ./runs/wandb/run-20230407_221422-qc1v3me7/files/wandb-summary.json
2023-04-07 22:15:34,039 INFO    Thread-15 :28033 [upload_job.py:push():143] Uploaded file ./runs/wandb/run-20230407_221422-qc1v3me7/files/config.yaml
2023-04-07 22:15:34,241 INFO    Thread-12 :28033 [sender.py:transition_state():463] send defer: 9
2023-04-07 22:15:34,245 DEBUG   HandlerThread:28033 [handler.py:handle_request():139] handle_request: defer
2023-04-07 22:15:34,246 INFO    HandlerThread:28033 [handler.py:handle_request_defer():162] handle defer: 9
2023-04-07 22:15:34,247 DEBUG   SenderThread:28033 [sender.py:send_request():317] send_request: defer
2023-04-07 22:15:34,250 INFO    SenderThread:28033 [sender.py:send_request_defer():459] handle sender defer: 9
2023-04-07 22:15:34,252 INFO    SenderThread:28033 [file_pusher.py:join():173] waiting for file pusher
2023-04-07 22:15:34,252 INFO    SenderThread:28033 [sender.py:transition_state():463] send defer: 10
2023-04-07 22:15:34,253 DEBUG   HandlerThread:28033 [handler.py:handle_request():139] handle_request: defer
2023-04-07 22:15:34,255 INFO    HandlerThread:28033 [handler.py:handle_request_defer():162] handle defer: 10
2023-04-07 22:15:34,255 DEBUG   SenderThread:28033 [sender.py:send_request():317] send_request: defer
2023-04-07 22:15:34,257 INFO    SenderThread:28033 [sender.py:send_request_defer():459] handle sender defer: 10
2023-04-07 22:15:35,584 INFO    SenderThread:28033 [sender.py:transition_state():463] send defer: 11
2023-04-07 22:15:35,585 DEBUG   HandlerThread:28033 [handler.py:handle_request():139] handle_request: defer
2023-04-07 22:15:35,585 INFO    HandlerThread:28033 [handler.py:handle_request_defer():162] handle defer: 11
2023-04-07 22:15:35,586 DEBUG   SenderThread:28033 [sender.py:send_request():317] send_request: defer
2023-04-07 22:15:35,586 INFO    SenderThread:28033 [sender.py:send_request_defer():459] handle sender defer: 11
2023-04-07 22:15:35,586 INFO    SenderThread:28033 [sender.py:transition_state():463] send defer: 12
2023-04-07 22:15:35,587 DEBUG   SenderThread:28033 [sender.py:send():303] send: final
2023-04-07 22:15:35,587 DEBUG   HandlerThread:28033 [handler.py:handle_request():139] handle_request: defer
2023-04-07 22:15:35,587 DEBUG   SenderThread:28033 [sender.py:send():303] send: footer
2023-04-07 22:15:35,587 INFO    HandlerThread:28033 [handler.py:handle_request_defer():162] handle defer: 12
2023-04-07 22:15:35,588 DEBUG   SenderThread:28033 [sender.py:send_request():317] send_request: defer
2023-04-07 22:15:35,589 INFO    SenderThread:28033 [sender.py:send_request_defer():459] handle sender defer: 12
2023-04-07 22:15:35,590 DEBUG   HandlerThread:28033 [handler.py:handle_request():139] handle_request: poll_exit
2023-04-07 22:15:35,590 DEBUG   HandlerThread:28033 [handler.py:handle_request():139] handle_request: server_info
2023-04-07 22:15:35,590 DEBUG   SenderThread:28033 [sender.py:send_request():317] send_request: poll_exit
2023-04-07 22:15:35,591 DEBUG   HandlerThread:28033 [handler.py:handle_request():139] handle_request: get_summary
2023-04-07 22:15:35,591 DEBUG   SenderThread:28033 [sender.py:send_request():317] send_request: server_info
2023-04-07 22:15:35,591 DEBUG   HandlerThread:28033 [handler.py:handle_request():139] handle_request: sampled_history
2023-04-07 22:15:36,978 INFO    MainThread:28033 [wandb_run.py:_footer_history_summary_info():3377] rendering history
2023-04-07 22:15:36,979 INFO    MainThread:28033 [wandb_run.py:_footer_history_summary_info():3409] rendering summary
2023-04-07 22:15:36,979 INFO    MainThread:28033 [wandb_run.py:_footer_sync_info():3333] logging synced files
2023-04-07 22:15:36,980 DEBUG   HandlerThread:28033 [handler.py:handle_request():139] handle_request: shutdown
2023-04-07 22:15:36,980 INFO    HandlerThread:28033 [handler.py:finish():814] shutting down handler
2023-04-07 22:15:37,587 INFO    WriterThread:28033 [datastore.py:close():279] close: ./runs/wandb/run-20230407_221422-qc1v3me7/run-qc1v3me7.wandb
2023-04-07 22:15:37,978 INFO    SenderThread:28033 [sender.py:finish():1331] shutting down sender
2023-04-07 22:15:37,979 INFO    SenderThread:28033 [file_pusher.py:finish():168] shutting down file pusher
2023-04-07 22:15:37,979 INFO    SenderThread:28033 [file_pusher.py:join():173] waiting for file pusher
2023-04-07 22:15:37,982 INFO    MainThread:28033 [internal.py:handle_exit():78] Internal process exited
