2023-05-05 22:21:08,658 INFO    StreamThr :3455 [internal.py:wandb_internal():88] W&B internal server running at pid: 3455, started at: 2023-05-05 22:21:08.656418
2023-05-05 22:21:08,659 DEBUG   HandlerThread:3455 [handler.py:handle_request():139] handle_request: status
2023-05-05 22:21:08,662 DEBUG   SenderThread:3455 [sender.py:send_request():317] send_request: status
2023-05-05 22:21:08,668 INFO    WriterThread:3455 [datastore.py:open_for_write():75] open: ./runs/wandb/run-20230505_222108-2ikjtqic/run-2ikjtqic.wandb
2023-05-05 22:21:08,669 DEBUG   SenderThread:3455 [sender.py:send():303] send: header
2023-05-05 22:21:08,675 DEBUG   SenderThread:3455 [sender.py:send():303] send: run
2023-05-05 22:21:08,678 INFO    SenderThread:3455 [sender.py:_maybe_setup_resume():593] checking resume status for None/segmentation/2ikjtqic
2023-05-05 22:21:13,679 DEBUG   HandlerThread:3455 [handler.py:handle_request():139] handle_request: keepalive
2023-05-05 22:21:18,687 DEBUG   HandlerThread:3455 [handler.py:handle_request():139] handle_request: keepalive
2023-05-05 22:21:23,691 DEBUG   HandlerThread:3455 [handler.py:handle_request():139] handle_request: keepalive
2023-05-05 22:21:28,694 DEBUG   HandlerThread:3455 [handler.py:handle_request():139] handle_request: keepalive
2023-05-05 22:21:33,697 DEBUG   HandlerThread:3455 [handler.py:handle_request():139] handle_request: keepalive
2023-05-05 22:21:38,703 DEBUG   HandlerThread:3455 [handler.py:handle_request():139] handle_request: keepalive
2023-05-05 22:21:43,711 DEBUG   HandlerThread:3455 [handler.py:handle_request():139] handle_request: keepalive
2023-05-05 22:21:46,726 ERROR   SenderThread:3455 [retry.py:__call__():154] Retry attempt failed:
Traceback (most recent call last):
  File "/home/yx/miniconda3/envs/mat/lib/python3.9/site-packages/urllib3/connectionpool.py", line 703, in urlopen
    httplib_response = self._make_request(
  File "/home/yx/miniconda3/envs/mat/lib/python3.9/site-packages/urllib3/connectionpool.py", line 449, in _make_request
    six.raise_from(e, None)
  File "<string>", line 3, in raise_from
  File "/home/yx/miniconda3/envs/mat/lib/python3.9/site-packages/urllib3/connectionpool.py", line 444, in _make_request
    httplib_response = conn.getresponse()
  File "/home/yx/miniconda3/envs/mat/lib/python3.9/http/client.py", line 1377, in getresponse
    response.begin()
  File "/home/yx/miniconda3/envs/mat/lib/python3.9/http/client.py", line 320, in begin
    version, status, reason = self._read_status()
  File "/home/yx/miniconda3/envs/mat/lib/python3.9/http/client.py", line 289, in _read_status
    raise RemoteDisconnected("Remote end closed connection without"
http.client.RemoteDisconnected: Remote end closed connection without response

During handling of the above exception, another exception occurred:

Traceback (most recent call last):
  File "/home/yx/miniconda3/envs/mat/lib/python3.9/site-packages/requests/adapters.py", line 439, in send
    resp = conn.urlopen(
  File "/home/yx/miniconda3/envs/mat/lib/python3.9/site-packages/urllib3/connectionpool.py", line 787, in urlopen
    retries = retries.increment(
  File "/home/yx/miniconda3/envs/mat/lib/python3.9/site-packages/urllib3/util/retry.py", line 550, in increment
    raise six.reraise(type(error), error, _stacktrace)
  File "/home/yx/miniconda3/envs/mat/lib/python3.9/site-packages/urllib3/packages/six.py", line 769, in reraise
    raise value.with_traceback(tb)
  File "/home/yx/miniconda3/envs/mat/lib/python3.9/site-packages/urllib3/connectionpool.py", line 703, in urlopen
    httplib_response = self._make_request(
  File "/home/yx/miniconda3/envs/mat/lib/python3.9/site-packages/urllib3/connectionpool.py", line 449, in _make_request
    six.raise_from(e, None)
  File "<string>", line 3, in raise_from
  File "/home/yx/miniconda3/envs/mat/lib/python3.9/site-packages/urllib3/connectionpool.py", line 444, in _make_request
    httplib_response = conn.getresponse()
  File "/home/yx/miniconda3/envs/mat/lib/python3.9/http/client.py", line 1377, in getresponse
    response.begin()
  File "/home/yx/miniconda3/envs/mat/lib/python3.9/http/client.py", line 320, in begin
    version, status, reason = self._read_status()
  File "/home/yx/miniconda3/envs/mat/lib/python3.9/http/client.py", line 289, in _read_status
    raise RemoteDisconnected("Remote end closed connection without"
urllib3.exceptions.ProtocolError: ('Connection aborted.', RemoteDisconnected('Remote end closed connection without response'))

During handling of the above exception, another exception occurred:

Traceback (most recent call last):
  File "/home/yx/miniconda3/envs/mat/lib/python3.9/site-packages/wandb/sdk/lib/retry.py", line 113, in __call__
    result = self._call_fn(*args, **kwargs)
  File "/home/yx/miniconda3/envs/mat/lib/python3.9/site-packages/wandb/sdk/internal/internal_api.py", line 210, in execute
    return self.client.execute(*args, **kwargs)  # type: ignore
  File "/home/yx/miniconda3/envs/mat/lib/python3.9/site-packages/wandb/vendor/gql-0.2.0/wandb_gql/client.py", line 52, in execute
    result = self._get_result(document, *args, **kwargs)
  File "/home/yx/miniconda3/envs/mat/lib/python3.9/site-packages/wandb/vendor/gql-0.2.0/wandb_gql/client.py", line 60, in _get_result
    return self.transport.execute(document, *args, **kwargs)
  File "/home/yx/miniconda3/envs/mat/lib/python3.9/site-packages/wandb/vendor/gql-0.2.0/wandb_gql/transport/requests.py", line 38, in execute
    request = requests.post(self.url, **post_args)
  File "/home/yx/miniconda3/envs/mat/lib/python3.9/site-packages/requests/api.py", line 119, in post
    return request('post', url, data=data, json=json, **kwargs)
  File "/home/yx/miniconda3/envs/mat/lib/python3.9/site-packages/requests/api.py", line 61, in request
    return session.request(method=method, url=url, **kwargs)
  File "/home/yx/miniconda3/envs/mat/lib/python3.9/site-packages/requests/sessions.py", line 542, in request
    resp = self.send(prep, **send_kwargs)
  File "/home/yx/miniconda3/envs/mat/lib/python3.9/site-packages/requests/sessions.py", line 655, in send
    r = adapter.send(request, **kwargs)
  File "/home/yx/miniconda3/envs/mat/lib/python3.9/site-packages/requests/adapters.py", line 498, in send
    raise ConnectionError(err, request=request)
requests.exceptions.ConnectionError: ('Connection aborted.', RemoteDisconnected('Remote end closed connection without response'))
2023-05-05 22:21:48,717 DEBUG   HandlerThread:3455 [handler.py:handle_request():139] handle_request: keepalive
2023-05-05 22:21:53,721 DEBUG   HandlerThread:3455 [handler.py:handle_request():139] handle_request: keepalive
2023-05-05 22:21:58,725 DEBUG   HandlerThread:3455 [handler.py:handle_request():139] handle_request: keepalive
2023-05-05 22:22:03,731 DEBUG   HandlerThread:3455 [handler.py:handle_request():139] handle_request: keepalive
2023-05-05 22:22:09,759 DEBUG   HandlerThread:3455 [handler.py:handle_request():139] handle_request: poll_exit
2023-05-05 22:22:14,761 DEBUG   HandlerThread:3455 [handler.py:handle_request():139] handle_request: keepalive
2023-05-05 22:22:19,762 DEBUG   HandlerThread:3455 [handler.py:handle_request():139] handle_request: keepalive
2023-05-05 22:22:24,764 DEBUG   HandlerThread:3455 [handler.py:handle_request():139] handle_request: keepalive
2023-05-05 22:22:29,765 DEBUG   HandlerThread:3455 [handler.py:handle_request():139] handle_request: keepalive
2023-05-05 22:22:34,766 DEBUG   HandlerThread:3455 [handler.py:handle_request():139] handle_request: keepalive
2023-05-05 22:22:39,767 DEBUG   HandlerThread:3455 [handler.py:handle_request():139] handle_request: keepalive
2023-05-05 22:22:44,768 DEBUG   HandlerThread:3455 [handler.py:handle_request():139] handle_request: keepalive
2023-05-05 22:22:49,770 DEBUG   HandlerThread:3455 [handler.py:handle_request():139] handle_request: keepalive
2023-05-05 22:22:54,771 DEBUG   HandlerThread:3455 [handler.py:handle_request():139] handle_request: keepalive
2023-05-05 22:22:59,773 DEBUG   HandlerThread:3455 [handler.py:handle_request():139] handle_request: keepalive
2023-05-05 22:23:04,774 DEBUG   HandlerThread:3455 [handler.py:handle_request():139] handle_request: keepalive
2023-05-05 22:23:09,779 DEBUG   HandlerThread:3455 [handler.py:handle_request():139] handle_request: keepalive
2023-05-05 22:23:14,780 DEBUG   HandlerThread:3455 [handler.py:handle_request():139] handle_request: keepalive
2023-05-05 22:23:19,781 DEBUG   HandlerThread:3455 [handler.py:handle_request():139] handle_request: keepalive
2023-05-05 22:23:24,783 DEBUG   HandlerThread:3455 [handler.py:handle_request():139] handle_request: keepalive
2023-05-05 22:23:29,784 DEBUG   HandlerThread:3455 [handler.py:handle_request():139] handle_request: keepalive
2023-05-05 22:23:34,786 DEBUG   HandlerThread:3455 [handler.py:handle_request():139] handle_request: keepalive
2023-05-05 22:23:39,787 DEBUG   HandlerThread:3455 [handler.py:handle_request():139] handle_request: keepalive
2023-05-05 22:23:44,789 DEBUG   HandlerThread:3455 [handler.py:handle_request():139] handle_request: keepalive
2023-05-05 22:23:49,790 DEBUG   HandlerThread:3455 [handler.py:handle_request():139] handle_request: keepalive
2023-05-05 22:23:54,791 DEBUG   HandlerThread:3455 [handler.py:handle_request():139] handle_request: keepalive
2023-05-05 22:23:59,793 DEBUG   HandlerThread:3455 [handler.py:handle_request():139] handle_request: keepalive
2023-05-05 22:24:04,794 DEBUG   HandlerThread:3455 [handler.py:handle_request():139] handle_request: keepalive
2023-05-05 22:24:09,795 DEBUG   HandlerThread:3455 [handler.py:handle_request():139] handle_request: keepalive
2023-05-05 22:24:14,797 DEBUG   HandlerThread:3455 [handler.py:handle_request():139] handle_request: keepalive
2023-05-05 22:24:19,799 DEBUG   HandlerThread:3455 [handler.py:handle_request():139] handle_request: keepalive
2023-05-05 22:24:24,801 DEBUG   HandlerThread:3455 [handler.py:handle_request():139] handle_request: keepalive
2023-05-05 22:24:29,802 DEBUG   HandlerThread:3455 [handler.py:handle_request():139] handle_request: keepalive
2023-05-05 22:24:34,804 DEBUG   HandlerThread:3455 [handler.py:handle_request():139] handle_request: keepalive
2023-05-05 22:24:39,806 DEBUG   HandlerThread:3455 [handler.py:handle_request():139] handle_request: keepalive
2023-05-05 22:24:44,809 DEBUG   HandlerThread:3455 [handler.py:handle_request():139] handle_request: keepalive
2023-05-05 22:24:49,810 DEBUG   HandlerThread:3455 [handler.py:handle_request():139] handle_request: keepalive
2023-05-05 22:24:54,811 DEBUG   HandlerThread:3455 [handler.py:handle_request():139] handle_request: keepalive
2023-05-05 22:24:59,812 DEBUG   HandlerThread:3455 [handler.py:handle_request():139] handle_request: keepalive
2023-05-05 22:25:04,814 DEBUG   HandlerThread:3455 [handler.py:handle_request():139] handle_request: keepalive
2023-05-05 22:25:09,815 DEBUG   HandlerThread:3455 [handler.py:handle_request():139] handle_request: keepalive
2023-05-05 22:25:14,817 DEBUG   HandlerThread:3455 [handler.py:handle_request():139] handle_request: keepalive
2023-05-05 22:25:19,819 DEBUG   HandlerThread:3455 [handler.py:handle_request():139] handle_request: keepalive
2023-05-05 22:25:24,820 DEBUG   HandlerThread:3455 [handler.py:handle_request():139] handle_request: keepalive
2023-05-05 22:25:29,823 DEBUG   HandlerThread:3455 [handler.py:handle_request():139] handle_request: keepalive
2023-05-05 22:25:34,825 DEBUG   HandlerThread:3455 [handler.py:handle_request():139] handle_request: keepalive
2023-05-05 22:25:39,827 DEBUG   HandlerThread:3455 [handler.py:handle_request():139] handle_request: keepalive
2023-05-05 22:25:44,829 DEBUG   HandlerThread:3455 [handler.py:handle_request():139] handle_request: keepalive
2023-05-05 22:25:49,832 DEBUG   HandlerThread:3455 [handler.py:handle_request():139] handle_request: keepalive
2023-05-05 22:25:54,836 DEBUG   HandlerThread:3455 [handler.py:handle_request():139] handle_request: keepalive
2023-05-05 22:25:59,838 DEBUG   HandlerThread:3455 [handler.py:handle_request():139] handle_request: keepalive
2023-05-05 22:26:04,842 DEBUG   HandlerThread:3455 [handler.py:handle_request():139] handle_request: keepalive
2023-05-05 22:26:09,845 DEBUG   HandlerThread:3455 [handler.py:handle_request():139] handle_request: keepalive
2023-05-05 22:26:14,846 DEBUG   HandlerThread:3455 [handler.py:handle_request():139] handle_request: keepalive
2023-05-05 22:26:19,849 DEBUG   HandlerThread:3455 [handler.py:handle_request():139] handle_request: keepalive
2023-05-05 22:26:24,851 DEBUG   HandlerThread:3455 [handler.py:handle_request():139] handle_request: keepalive
2023-05-05 22:26:29,852 DEBUG   HandlerThread:3455 [handler.py:handle_request():139] handle_request: keepalive
2023-05-05 22:26:34,853 DEBUG   HandlerThread:3455 [handler.py:handle_request():139] handle_request: keepalive
2023-05-05 22:26:39,854 DEBUG   HandlerThread:3455 [handler.py:handle_request():139] handle_request: keepalive
2023-05-05 22:26:44,857 DEBUG   HandlerThread:3455 [handler.py:handle_request():139] handle_request: keepalive
2023-05-05 22:26:49,858 DEBUG   HandlerThread:3455 [handler.py:handle_request():139] handle_request: keepalive
2023-05-05 22:26:54,859 DEBUG   HandlerThread:3455 [handler.py:handle_request():139] handle_request: keepalive
2023-05-05 22:26:59,860 DEBUG   HandlerThread:3455 [handler.py:handle_request():139] handle_request: keepalive
2023-05-05 22:27:04,862 DEBUG   HandlerThread:3455 [handler.py:handle_request():139] handle_request: keepalive
2023-05-05 22:27:09,865 DEBUG   HandlerThread:3455 [handler.py:handle_request():139] handle_request: keepalive
2023-05-05 22:27:14,868 DEBUG   HandlerThread:3455 [handler.py:handle_request():139] handle_request: keepalive
2023-05-05 22:27:19,871 DEBUG   HandlerThread:3455 [handler.py:handle_request():139] handle_request: keepalive
2023-05-05 22:27:24,873 DEBUG   HandlerThread:3455 [handler.py:handle_request():139] handle_request: keepalive
2023-05-05 22:27:30,935 DEBUG   HandlerThread:3455 [handler.py:handle_request():139] handle_request: keepalive
2023-05-05 22:27:36,991 DEBUG   HandlerThread:3455 [handler.py:handle_request():139] handle_request: keepalive
2023-05-05 22:27:38,323 INFO    SenderThread:3455 [dir_watcher.py:__init__():216] watching files in: ./runs/wandb/run-20230505_222108-2ikjtqic/files
2023-05-05 22:27:38,324 INFO    SenderThread:3455 [sender.py:_start_run_threads():928] run started: 2ikjtqic with start time 1683296468.658998
2023-05-05 22:27:38,325 DEBUG   SenderThread:3455 [sender.py:send():303] send: exit
2023-05-05 22:27:38,325 INFO    SenderThread:3455 [sender.py:send_exit():442] handling exit code: 1
2023-05-05 22:27:38,326 INFO    SenderThread:3455 [sender.py:send_exit():444] handling runtime: 0
2023-05-05 22:27:38,330 INFO    SenderThread:3455 [sender.py:_save_file():1171] saving file wandb-summary.json with policy end
2023-05-05 22:27:38,334 INFO    SenderThread:3455 [sender.py:send_exit():450] send defer
2023-05-05 22:27:38,335 DEBUG   SenderThread:3455 [sender.py:send_request():317] send_request: poll_exit
2023-05-05 22:27:38,335 DEBUG   HandlerThread:3455 [handler.py:handle_request():139] handle_request: defer
2023-05-05 22:27:38,336 INFO    HandlerThread:3455 [handler.py:handle_request_defer():162] handle defer: 0
2023-05-05 22:27:38,336 DEBUG   SenderThread:3455 [sender.py:send_request():317] send_request: defer
2023-05-05 22:27:38,336 INFO    SenderThread:3455 [sender.py:send_request_defer():459] handle sender defer: 0
2023-05-05 22:27:38,336 INFO    SenderThread:3455 [sender.py:transition_state():463] send defer: 1
2023-05-05 22:27:38,337 DEBUG   HandlerThread:3455 [handler.py:handle_request():139] handle_request: defer
2023-05-05 22:27:38,337 INFO    HandlerThread:3455 [handler.py:handle_request_defer():162] handle defer: 1
2023-05-05 22:27:38,337 DEBUG   SenderThread:3455 [sender.py:send_request():317] send_request: defer
2023-05-05 22:27:38,337 INFO    SenderThread:3455 [sender.py:send_request_defer():459] handle sender defer: 1
2023-05-05 22:27:38,338 INFO    SenderThread:3455 [sender.py:transition_state():463] send defer: 2
2023-05-05 22:27:38,338 DEBUG   HandlerThread:3455 [handler.py:handle_request():139] handle_request: defer
2023-05-05 22:27:38,338 INFO    HandlerThread:3455 [handler.py:handle_request_defer():162] handle defer: 2
2023-05-05 22:27:38,338 DEBUG   SenderThread:3455 [sender.py:send_request():317] send_request: defer
2023-05-05 22:27:38,339 INFO    SenderThread:3455 [sender.py:send_request_defer():459] handle sender defer: 2
2023-05-05 22:27:38,339 INFO    SenderThread:3455 [sender.py:transition_state():463] send defer: 3
2023-05-05 22:27:38,339 DEBUG   HandlerThread:3455 [handler.py:handle_request():139] handle_request: defer
2023-05-05 22:27:38,339 INFO    HandlerThread:3455 [handler.py:handle_request_defer():162] handle defer: 3
2023-05-05 22:27:38,340 DEBUG   SenderThread:3455 [sender.py:send_request():317] send_request: defer
2023-05-05 22:27:38,340 INFO    SenderThread:3455 [sender.py:send_request_defer():459] handle sender defer: 3
2023-05-05 22:27:38,340 INFO    SenderThread:3455 [sender.py:transition_state():463] send defer: 4
2023-05-05 22:27:38,341 DEBUG   HandlerThread:3455 [handler.py:handle_request():139] handle_request: defer
2023-05-05 22:27:38,341 INFO    HandlerThread:3455 [handler.py:handle_request_defer():162] handle defer: 4
2023-05-05 22:27:38,341 DEBUG   SenderThread:3455 [sender.py:send():303] send: summary
2023-05-05 22:27:38,344 INFO    SenderThread:3455 [sender.py:_save_file():1171] saving file wandb-summary.json with policy end
2023-05-05 22:27:38,345 DEBUG   SenderThread:3455 [sender.py:send_request():317] send_request: defer
2023-05-05 22:27:38,345 INFO    SenderThread:3455 [sender.py:send_request_defer():459] handle sender defer: 4
2023-05-05 22:27:38,345 INFO    SenderThread:3455 [sender.py:transition_state():463] send defer: 5
2023-05-05 22:27:38,346 DEBUG   HandlerThread:3455 [handler.py:handle_request():139] handle_request: defer
2023-05-05 22:27:38,346 INFO    HandlerThread:3455 [handler.py:handle_request_defer():162] handle defer: 5
2023-05-05 22:27:38,346 DEBUG   SenderThread:3455 [sender.py:send_request():317] send_request: defer
2023-05-05 22:27:38,346 INFO    SenderThread:3455 [sender.py:send_request_defer():459] handle sender defer: 5
2023-05-05 22:27:38,347 INFO    SenderThread:3455 [sender.py:transition_state():463] send defer: 6
2023-05-05 22:27:38,347 DEBUG   HandlerThread:3455 [handler.py:handle_request():139] handle_request: defer
2023-05-05 22:27:38,347 INFO    HandlerThread:3455 [handler.py:handle_request_defer():162] handle defer: 6
2023-05-05 22:27:38,347 DEBUG   SenderThread:3455 [sender.py:send_request():317] send_request: defer
2023-05-05 22:27:38,347 INFO    SenderThread:3455 [sender.py:send_request_defer():459] handle sender defer: 6
2023-05-05 22:27:38,348 INFO    SenderThread:3455 [sender.py:transition_state():463] send defer: 7
2023-05-05 22:27:38,348 DEBUG   HandlerThread:3455 [handler.py:handle_request():139] handle_request: defer
2023-05-05 22:27:38,348 INFO    HandlerThread:3455 [handler.py:handle_request_defer():162] handle defer: 7
2023-05-05 22:27:38,348 DEBUG   SenderThread:3455 [sender.py:send_request():317] send_request: defer
2023-05-05 22:27:38,349 INFO    SenderThread:3455 [sender.py:send_request_defer():459] handle sender defer: 7
2023-05-05 22:27:38,349 INFO    SenderThread:3455 [dir_watcher.py:finish():362] shutting down directory watcher
2023-05-05 22:27:39,344 INFO    SenderThread:3455 [dir_watcher.py:_on_file_created():275] file/dir created: ./runs/wandb/run-20230505_222108-2ikjtqic/files/wandb-summary.json
2023-05-05 22:27:39,345 INFO    SenderThread:3455 [dir_watcher.py:finish():392] scan: ./runs/wandb/run-20230505_222108-2ikjtqic/files
2023-05-05 22:27:39,346 INFO    SenderThread:3455 [dir_watcher.py:finish():406] scan save: ./runs/wandb/run-20230505_222108-2ikjtqic/files/config.yaml config.yaml
2023-05-05 22:27:39,349 INFO    SenderThread:3455 [dir_watcher.py:finish():406] scan save: ./runs/wandb/run-20230505_222108-2ikjtqic/files/wandb-summary.json wandb-summary.json
2023-05-05 22:27:39,354 INFO    SenderThread:3455 [sender.py:transition_state():463] send defer: 8
2023-05-05 22:27:39,355 DEBUG   HandlerThread:3455 [handler.py:handle_request():139] handle_request: defer
2023-05-05 22:27:39,355 INFO    HandlerThread:3455 [handler.py:handle_request_defer():162] handle defer: 8
2023-05-05 22:27:39,357 DEBUG   SenderThread:3455 [sender.py:send_request():317] send_request: defer
2023-05-05 22:27:39,357 INFO    SenderThread:3455 [sender.py:send_request_defer():459] handle sender defer: 8
2023-05-05 22:27:39,357 INFO    SenderThread:3455 [file_pusher.py:finish():168] shutting down file pusher
2023-05-05 22:27:40,268 INFO    Thread-16 :3455 [upload_job.py:push():143] Uploaded file ./runs/wandb/run-20230505_222108-2ikjtqic/files/wandb-summary.json
2023-05-05 22:27:40,504 INFO    Thread-15 :3455 [upload_job.py:push():143] Uploaded file ./runs/wandb/run-20230505_222108-2ikjtqic/files/config.yaml
2023-05-05 22:27:40,705 INFO    Thread-12 :3455 [sender.py:transition_state():463] send defer: 9
2023-05-05 22:27:40,706 DEBUG   HandlerThread:3455 [handler.py:handle_request():139] handle_request: defer
2023-05-05 22:27:40,706 INFO    HandlerThread:3455 [handler.py:handle_request_defer():162] handle defer: 9
2023-05-05 22:27:40,706 DEBUG   SenderThread:3455 [sender.py:send_request():317] send_request: defer
2023-05-05 22:27:40,707 INFO    SenderThread:3455 [sender.py:send_request_defer():459] handle sender defer: 9
2023-05-05 22:27:40,707 INFO    SenderThread:3455 [file_pusher.py:join():173] waiting for file pusher
2023-05-05 22:27:40,707 INFO    SenderThread:3455 [sender.py:transition_state():463] send defer: 10
2023-05-05 22:27:40,708 DEBUG   HandlerThread:3455 [handler.py:handle_request():139] handle_request: defer
2023-05-05 22:27:40,709 INFO    HandlerThread:3455 [handler.py:handle_request_defer():162] handle defer: 10
2023-05-05 22:27:40,712 DEBUG   SenderThread:3455 [sender.py:send_request():317] send_request: defer
2023-05-05 22:27:40,712 INFO    SenderThread:3455 [sender.py:send_request_defer():459] handle sender defer: 10
2023-05-05 22:27:41,912 DEBUG   HandlerThread:3455 [handler.py:handle_request():139] handle_request: keepalive
2023-05-05 22:27:41,923 INFO    SenderThread:3455 [sender.py:transition_state():463] send defer: 11
2023-05-05 22:27:41,924 DEBUG   HandlerThread:3455 [handler.py:handle_request():139] handle_request: defer
2023-05-05 22:27:41,924 INFO    HandlerThread:3455 [handler.py:handle_request_defer():162] handle defer: 11
2023-05-05 22:27:41,924 DEBUG   SenderThread:3455 [sender.py:send_request():317] send_request: defer
2023-05-05 22:27:41,927 INFO    SenderThread:3455 [sender.py:send_request_defer():459] handle sender defer: 11
2023-05-05 22:27:41,927 INFO    SenderThread:3455 [sender.py:transition_state():463] send defer: 12
2023-05-05 22:27:41,928 DEBUG   SenderThread:3455 [sender.py:send():303] send: final
2023-05-05 22:27:41,928 DEBUG   HandlerThread:3455 [handler.py:handle_request():139] handle_request: defer
2023-05-05 22:27:41,928 DEBUG   SenderThread:3455 [sender.py:send():303] send: footer
2023-05-05 22:27:41,929 INFO    HandlerThread:3455 [handler.py:handle_request_defer():162] handle defer: 12
2023-05-05 22:27:41,930 DEBUG   SenderThread:3455 [sender.py:send_request():317] send_request: defer
2023-05-05 22:27:41,931 INFO    SenderThread:3455 [sender.py:send_request_defer():459] handle sender defer: 12
2023-05-05 22:27:41,931 DEBUG   HandlerThread:3455 [handler.py:handle_request():139] handle_request: poll_exit
2023-05-05 22:27:41,933 DEBUG   HandlerThread:3455 [handler.py:handle_request():139] handle_request: server_info
2023-05-05 22:27:41,933 DEBUG   SenderThread:3455 [sender.py:send_request():317] send_request: poll_exit
2023-05-05 22:27:41,935 DEBUG   SenderThread:3455 [sender.py:send_request():317] send_request: server_info
2023-05-05 22:27:41,937 DEBUG   HandlerThread:3455 [handler.py:handle_request():139] handle_request: get_summary
2023-05-05 22:27:41,937 DEBUG   HandlerThread:3455 [handler.py:handle_request():139] handle_request: sampled_history
2023-05-05 22:27:42,645 INFO    MainThread:3455 [wandb_run.py:_footer_history_summary_info():3377] rendering history
2023-05-05 22:27:42,645 INFO    MainThread:3455 [wandb_run.py:_footer_history_summary_info():3409] rendering summary
2023-05-05 22:27:42,645 INFO    MainThread:3455 [wandb_run.py:_footer_sync_info():3333] logging synced files
2023-05-05 22:27:42,658 DEBUG   HandlerThread:3455 [handler.py:handle_request():139] handle_request: shutdown
2023-05-05 22:27:42,658 INFO    HandlerThread:3455 [handler.py:finish():814] shutting down handler
2023-05-05 22:27:42,928 INFO    WriterThread:3455 [datastore.py:close():279] close: ./runs/wandb/run-20230505_222108-2ikjtqic/run-2ikjtqic.wandb
2023-05-05 22:27:43,644 INFO    SenderThread:3455 [sender.py:finish():1331] shutting down sender
2023-05-05 22:27:43,645 INFO    SenderThread:3455 [file_pusher.py:finish():168] shutting down file pusher
2023-05-05 22:27:43,645 INFO    SenderThread:3455 [file_pusher.py:join():173] waiting for file pusher
2023-05-05 22:27:43,665 INFO    MainThread:3455 [internal.py:handle_exit():78] Internal process exited
